2018-12-29 21:40:44.926  INFO 4572 --- [restartedMain] cn.qianshu.tick.TickApplication          : Starting TickApplication on N3W88PR0JXRMXNB with PID 4572 (E:\flower\Tick\target\classes started by Administrator in E:\flower\Tick)
2018-12-29 21:40:44.942  INFO 4572 --- [restartedMain] cn.qianshu.tick.TickApplication          : No active profile set, falling back to default profiles: default
2018-12-29 21:40:45.051  INFO 4572 --- [restartedMain] .e.DevToolsPropertyDefaultsPostProcessor : Devtools property defaults active! Set 'spring.devtools.add-properties' to 'false' to disable
2018-12-29 21:40:45.051  INFO 4572 --- [restartedMain] .e.DevToolsPropertyDefaultsPostProcessor : For additional web related logging consider setting the 'logging.level.web' property to 'DEBUG'
2018-12-29 21:40:46.049  INFO 4572 --- [restartedMain] .s.d.r.c.RepositoryConfigurationDelegate : Bootstrapping Spring Data repositories in DEFAULT mode.
2018-12-29 21:40:46.160  INFO 4572 --- [restartedMain] .s.d.r.c.RepositoryConfigurationDelegate : Finished Spring Data repository scanning in 95ms. Found 3 repository interfaces.
2018-12-29 21:40:46.721  INFO 4572 --- [restartedMain] trationDelegate$BeanPostProcessorChecker : Bean 'org.springframework.transaction.annotation.ProxyTransactionManagementConfiguration' of type [org.springframework.transaction.annotation.ProxyTransactionManagementConfiguration$$EnhancerBySpringCGLIB$$d3426b7] is not eligible for getting processed by all BeanPostProcessors (for example: not eligible for auto-proxying)
2018-12-29 21:40:47.236  INFO 4572 --- [restartedMain] o.s.b.w.embedded.tomcat.TomcatWebServer  : Tomcat initialized with port(s): 8080 (http)
2018-12-29 21:40:47.268  INFO 4572 --- [restartedMain] o.apache.catalina.core.StandardService   : Starting service [Tomcat]
2018-12-29 21:40:47.268  INFO 4572 --- [restartedMain] org.apache.catalina.core.StandardEngine  : Starting Servlet Engine: Apache Tomcat/9.0.13
2018-12-29 21:40:47.284  INFO 4572 --- [restartedMain] o.a.catalina.core.AprLifecycleListener   : The APR based Apache Tomcat Native library which allows optimal performance in production environments was not found on the java.library.path: [D:\jdk1.8\bin;C:\Windows\Sun\Java\bin;C:\Windows\system32;C:\Windows;D:/jdk1.8/bin/../jre/bin/server;D:/jdk1.8/bin/../jre/bin;D:/jdk1.8/bin/../jre/lib/amd64;E:\app\Administrator\product\11.2.0\client_1;E:\app\Administrator\product\11.2.0\dbhome_1\bin;C:\Windows\system32;C:\Windows;C:\Windows\System32\Wbem;C:\Windows\System32\WindowsPowerShell\v1.0\;D:\jdk1.8\bin;D:\jdk1.8\jre\bin;D:\maven\apache-maven-3.5.0\bin;;D:\sts-bundle\sts-3.9.0.RELEASE;;.]
2018-12-29 21:40:47.487  INFO 4572 --- [restartedMain] o.a.c.c.C.[Tomcat].[localhost].[/]       : Initializing Spring embedded WebApplicationContext
2018-12-29 21:40:47.487  INFO 4572 --- [restartedMain] o.s.web.context.ContextLoader            : Root WebApplicationContext: initialization completed in 2436 ms
2018-12-29 21:40:48.282  INFO 4572 --- [restartedMain] com.zaxxer.hikari.HikariDataSource       : HikariPool-1 - Starting...
2018-12-29 21:40:48.282  WARN 4572 --- [restartedMain] com.zaxxer.hikari.util.DriverDataSource  : Registered driver with driverClassName=oracle.jdbc.driver.OracleDriver was not found, trying direct instantiation.
2018-12-29 21:40:48.424  INFO 4572 --- [restartedMain] com.zaxxer.hikari.pool.PoolBase          : HikariPool-1 - Driver does not support get/set network timeout for connections. (oracle.jdbc.driver.T4CConnection.getNetworkTimeout()I)
2018-12-29 21:40:48.502  INFO 4572 --- [restartedMain] com.zaxxer.hikari.HikariDataSource       : HikariPool-1 - Start completed.
2018-12-29 21:40:58.423  INFO 4572 --- [restartedMain] j.LocalContainerEntityManagerFactoryBean : Initialized JPA EntityManagerFactory for persistence unit 'default'
2018-12-29 21:40:58.471  INFO 4572 --- [restartedMain] o.s.b.d.a.OptionalLiveReloadServer       : LiveReload server is running on port 35729
2018-12-29 21:40:59.111  INFO 4572 --- [restartedMain] .s.s.UserDetailsServiceAutoConfiguration : 

Using generated security password: 6dd73c30-22ef-43c6-8b13-d375e7556b37

2018-12-29 21:40:59.251  INFO 4572 --- [restartedMain] o.s.s.web.DefaultSecurityFilterChain     : Creating filter chain: any request, [org.springframework.security.web.context.request.async.WebAsyncManagerIntegrationFilter@72de0515, org.springframework.security.web.context.SecurityContextPersistenceFilter@2cff42f9, org.springframework.security.web.header.HeaderWriterFilter@5377d151, org.springframework.security.web.csrf.CsrfFilter@57e02435, org.springframework.security.web.authentication.logout.LogoutFilter@6820da1d, org.springframework.security.web.authentication.UsernamePasswordAuthenticationFilter@2d576017, org.springframework.security.web.savedrequest.RequestCacheAwareFilter@46a126a3, org.springframework.security.web.servletapi.SecurityContextHolderAwareRequestFilter@29b7154, org.springframework.security.web.authentication.AnonymousAuthenticationFilter@34d9e2c4, org.springframework.security.web.session.SessionManagementFilter@38f0eb2, org.springframework.security.web.access.ExceptionTranslationFilter@9ddab1d, org.springframework.security.web.access.intercept.FilterSecurityInterceptor@576ec044]
2018-12-29 21:40:59.485  INFO 4572 --- [restartedMain] o.s.s.concurrent.ThreadPoolTaskExecutor  : Initializing ExecutorService 'applicationTaskExecutor'
2018-12-29 21:40:59.533  WARN 4572 --- [restartedMain] aWebConfiguration$JpaWebMvcConfiguration : spring.jpa.open-in-view is enabled by default. Therefore, database queries may be performed during view rendering. Explicitly configure spring.jpa.open-in-view to disable this warning
2018-12-29 21:40:59.892  INFO 4572 --- [restartedMain] o.s.b.w.embedded.tomcat.TomcatWebServer  : Tomcat started on port(s): 8080 (http) with context path ''
2018-12-29 21:40:59.892  INFO 4572 --- [restartedMain] cn.qianshu.tick.TickApplication          : Started TickApplication in 15.591 seconds (JVM running for 17.452)
2018-12-29 23:26:15.507  WARN 4572 --- [HikariPool-1 housekeeper] com.zaxxer.hikari.pool.HikariPool        : HikariPool-1 - Thread starvation or clock leap detected (housekeeper delta=35m25s457ms875µs585ns).
2018-12-29 23:40:09.695  INFO 4572 --- [http-nio-8080-exec-1] o.a.c.c.C.[Tomcat].[localhost].[/]       : Initializing Spring DispatcherServlet 'dispatcherServlet'
2018-12-29 23:40:09.738  INFO 4572 --- [http-nio-8080-exec-1] o.s.web.servlet.DispatcherServlet        : Initializing Servlet 'dispatcherServlet'
2018-12-29 23:40:10.297  INFO 4572 --- [http-nio-8080-exec-1] o.s.web.servlet.DispatcherServlet        : Completed initialization in 558 ms
2018-12-29 23:40:14.253  INFO 4572 --- [http-nio-8080-exec-1] c.q.tick.controller.ticketController     : get activity list !!!
2018-12-29 23:40:20.380  INFO 4572 --- [http-nio-8080-exec-5] c.q.tick.controller.ticketController     : get_acitivty by id !!
